Command line:
   BancMemoInstruction_isim_beh.exe
     -simmode  gui
     -simrunnum  1
     -socket  38401

Fri May  7 11:14:16 2021


 Elaboration Time: 0 sec

 Current Memory Usage: 181.875 Meg

 Total Signals          : 4
 Total Nets             : 553
 Total Signal Drivers   : 2
 Total Blocks           : 3
 Total Primitive Blocks : 3
 Total Processes        : 2
 Total Traceable Variables  : 13
 Total Scalar Nets and Variables : 1036
Total Line Count : 3

 Total Simulation Time: 0.01 sec

 Current Memory Usage: 257.376 Meg

Fri May  7 11:15:43 2021

