Running: /usr/local/insa/Xilinx.ISE/13.4/ISE_DS/ISE/bin/lin64/unwrapped/fuse -intstyle ise -incremental -lib secureip -o /home/yu_yang/Bureau/git_em/Projet_Sys_Info/processeur/ual/Test_ual_isim_beh.exe -prj /home/yu_yang/Bureau/git_em/Projet_Sys_Info/processeur/ual/Test_ual_beh.prj work.Test_ual 
ISim O.87xd (signature 0x8ddf5b5d)
Number of CPUs detected in this system: 12
Turning on mult-threading, number of parallel sub-compilation jobs: 24 
Determining compilation order of HDL files
Parsing VHDL file "/home/yu_yang/Bureau/git_em/Projet_Sys_Info/processeur/ual/ual.vhd" into library work
Parsing VHDL file "/home/yu_yang/Bureau/git_em/Projet_Sys_Info/processeur/ual/Test_ual.vhd" into library work
Starting static elaboration
Completed static elaboration
Fuse Memory Usage: 96764 KB
Fuse CPU Usage: 790 ms
Compiling package standard
Compiling package std_logic_1164
Compiling package std_logic_arith
Compiling package std_logic_unsigned
Compiling architecture behavioral of entity ual [ual_default]
Compiling architecture behavior of entity test_ual
Time Resolution for simulation is 1ps.
Waiting for 1 sub-compilation(s) to finish...
Compiled 7 VHDL Units
Built simulation executable /home/yu_yang/Bureau/git_em/Projet_Sys_Info/processeur/ual/Test_ual_isim_beh.exe
Fuse Memory Usage: 1717676 KB
Fuse CPU Usage: 910 ms
GCC CPU Usage: 280 ms
