ISim log file
Running: /home/yu_yang/Bureau/git_em/Projet_Sys_Info/processeur/ual/TestProc_isim_beh.exe -intstyle ise -gui -tclbatch isim.cmd -wdb /home/yu_yang/Bureau/git_em/Projet_Sys_Info/processeur/ual/TestProc_isim_beh.wdb 
ISim O.87xd (signature 0x8ddf5b5d)
WARNING: A WEBPACK license was found.
WARNING: Please use Xilinx License Configuration Manager to check out a full ISim license.
WARNING: ISim will run in Lite mode. Please refer to the ISim documentation for more information on the differences between the Lite and the Full version.
This is a Lite version of ISim.
Time resolution is 1 ps
# onerror resume
# wave add /
# run 1000 ns
Simulator is doing circuit initialization process.
at 0 ps, Instance /testproc/uut/BancR/ : Warning: There is an 'U'|'X'|'W'|'Z'|'-' in an arithmetic operand, the result will be 'X'(es).
at 0 ps, Instance /testproc/uut/BancR/ : Warning: CONV_INTEGER: There is an 'U'|'X'|'W'|'Z'|'-' in an arithmetic operand, and it has been converted to 0.
at 0 ps, Instance /testproc/uut/BancR/ : Warning: CONV_INTEGER: There is an 'U'|'X'|'W'|'Z'|'-' in an arithmetic operand, and it has been converted to 0.
at 0 ps, Instance /testproc/uut/MemoData/ : Warning: NUMERIC_STD.TO_INTEGER: metavalue detected, returning 0
Finished circuit initialization process.
at 0 ps, Instance /testproc/uut/BancR/ : Warning: CONV_INTEGER: There is an 'U'|'X'|'W'|'Z'|'-' in an arithmetic operand, and it has been converted to 0.
at 0 ps, Instance /testproc/uut/BancR/ : Warning: CONV_INTEGER: There is an 'U'|'X'|'W'|'Z'|'-' in an arithmetic operand, and it has been converted to 0.
at 5 ns(2), Instance /testproc/uut/BancR/ : Warning: CONV_INTEGER: There is an 'U'|'X'|'W'|'Z'|'-' in an arithmetic operand, and it has been converted to 0.
at 5 ns(2), Instance /testproc/uut/BancR/ : Warning: CONV_INTEGER: There is an 'U'|'X'|'W'|'Z'|'-' in an arithmetic operand, and it has been converted to 0.
at 5 ns(2), Instance /testproc/uut/MemoData/ : Warning: NUMERIC_STD.TO_INTEGER: metavalue detected, returning 0
ERROR: Index 255 out of bound 0 to 15. 
ERROR: In process BancMemoData.vhd:61 
 
INFO: Simulator is stopped.
